12:09:50:740  INFO 5292 --- [main] c.h.search.SearchServiceApplication      : The following 1 profile is active: "local"
12:09:52:234  INFO 5292 --- [main] .s.d.r.c.RepositoryConfigurationDelegate : Multiple Spring Data modules found, entering strict repository configuration mode
12:09:52:240  INFO 5292 --- [main] .s.d.r.c.RepositoryConfigurationDelegate : Bootstrapping Spring Data Redis repositories in DEFAULT mode.
12:09:52:285  INFO 5292 --- [main] .s.d.r.c.RepositoryConfigurationDelegate : Finished Spring Data repository scanning in 20 ms. Found 0 Redis repository interfaces.
12:09:52:582  WARN 5292 --- [main] o.m.s.mapper.ClassPathMapperScanner      : No MyBatis mapper was found in '[com.haalan.search]' package. Please check your configuration.
12:09:52:732  INFO 5292 --- [main] o.s.cloud.context.scope.GenericScope     : BeanFactory id=d902bd0b-b2fa-3c22-9036-4a6ea1b46451
12:09:53:785  INFO 5292 --- [main] o.s.b.w.embedded.tomcat.TomcatWebServer  : Tomcat initialized with port(s): 8084 (http)
12:09:53:806  INFO 5292 --- [main] o.apache.catalina.core.StandardService   : Starting service [Tomcat]
12:09:53:807  INFO 5292 --- [main] org.apache.catalina.core.StandardEngine  : Starting Servlet engine: [Apache Tomcat/9.0.75]
12:09:54:215  INFO 5292 --- [main] o.a.c.c.C.[Tomcat].[localhost].[/]       : Initializing Spring embedded WebApplicationContext
12:09:54:216  INFO 5292 --- [main] w.s.c.ServletWebServerApplicationContext : Root WebApplicationContext: initialization completed in 3429 ms
12:09:56:319  INFO 5292 --- [main] o.s.c.openfeign.FeignClientFactoryBean   : For 'item-service' URL not provided. Will try picking an instance via load-balancing.
12:09:59:210  INFO 5292 --- [main] o.s.cloud.commons.util.InetUtils         : Cannot determine local hostname
12:10:00:266  INFO 5292 --- [main] pertySourcedRequestMappingHandlerMapping : Mapped URL path [/v2/api-docs] onto method [springfox.documentation.swagger2.web.Swagger2ControllerWebMvc#getDocumentation(String, HttpServletRequest)]
12:10:00:284  INFO 5292 --- [main] c.h.c.config.GlobalExceptionHandler      : GlobalExceptionHandler 已初始化
12:10:02:463  INFO 5292 --- [main] o.s.cloud.commons.util.InetUtils         : Cannot determine local hostname
12:10:02:716  INFO 5292 --- [main] o.s.b.w.embedded.tomcat.TomcatWebServer  : Tomcat started on port(s): 8084 (http) with context path ''
12:10:02:748  INFO 5292 --- [main] c.a.n.p.a.s.c.ClientAuthPluginManager    : [ClientAuthPluginManager] Load ClientAuthService com.alibaba.nacos.client.auth.impl.NacosClientAuthServiceImpl success.
12:10:02:749  INFO 5292 --- [main] c.a.n.p.a.s.c.ClientAuthPluginManager    : [ClientAuthPluginManager] Load ClientAuthService com.alibaba.nacos.client.auth.ram.RamClientAuthServiceImpl success.
12:10:02:900  INFO 5292 --- [main] c.a.c.n.registry.NacosServiceRegistry    : nacos registry, DEFAULT_GROUP search-service 192.168.131.1:8084 register finished
12:10:04:841  INFO 5292 --- [main] o.s.cloud.commons.util.InetUtils         : Cannot determine local hostname
12:10:04:843  INFO 5292 --- [main] d.s.w.p.DocumentationPluginsBootstrapper : Documentation plugins bootstrapped
12:10:04:855  INFO 5292 --- [main] d.s.w.p.DocumentationPluginsBootstrapper : Found 1 custom documentation plugin(s)
12:10:04:946  INFO 5292 --- [main] s.d.s.w.s.ApiListingReferenceScanner     : Scanning for api listing references
12:10:05:178  INFO 5292 --- [main] c.h.search.SearchServiceApplication      : Started SearchServiceApplication in 24.256 seconds (JVM running for 25.641)
12:10:05:213  INFO 5292 --- [main] c.a.c.n.refresh.NacosContextRefresher    : [Nacos Config] Listening config: dataId=search-service, group=DEFAULT_GROUP
12:10:05:214  INFO 5292 --- [main] c.a.c.n.refresh.NacosContextRefresher    : [Nacos Config] Listening config: dataId=search-service.yaml, group=DEFAULT_GROUP
12:10:05:216  INFO 5292 --- [main] c.a.c.n.refresh.NacosContextRefresher    : [Nacos Config] Listening config: dataId=search-service-local.yaml, group=DEFAULT_GROUP
15:39:11:860  INFO 5292 --- [http-nio-8084-exec-1] o.a.c.c.C.[Tomcat].[localhost].[/]       : Initializing Spring DispatcherServlet 'dispatcherServlet'
15:39:11:866  INFO 5292 --- [http-nio-8084-exec-1] o.s.web.servlet.DispatcherServlet        : Initializing Servlet 'dispatcherServlet'
15:39:11:906  INFO 5292 --- [http-nio-8084-exec-1] o.s.web.servlet.DispatcherServlet        : Completed initialization in 40 ms
15:39:11:982 DEBUG 5292 --- [http-nio-8084-exec-1] c.h.c.intercepter.UserInfoIntercepter    : 用户信息已存入ThreadLocal: 1
15:39:12:231  INFO 5292 --- [http-nio-8084-exec-1] c.h.s.c.ProductSearchController          : 搜索商品, 参数: ProductSearchDTO(keyword=可乐, categoryId=null, sort=price_asc)
15:39:17:277 DEBUG 5292 --- [http-nio-8084-exec-2] c.h.c.intercepter.UserInfoIntercepter    : 用户信息已存入ThreadLocal: 1
15:39:17:279  INFO 5292 --- [http-nio-8084-exec-2] c.h.s.c.ProductSearchController          : 搜索商品, 参数: ProductSearchDTO(keyword=可乐, categoryId=null, sort=price_asc)
15:39:23:779 DEBUG 5292 --- [http-nio-8084-exec-3] c.h.c.intercepter.UserInfoIntercepter    : 用户信息已存入ThreadLocal: 1
15:39:23:780  INFO 5292 --- [http-nio-8084-exec-3] c.h.s.c.ProductSearchController          : 搜索商品, 参数: ProductSearchDTO(keyword=可乐, categoryId=null, sort=price_asc)
17:06:28:621 DEBUG 5292 --- [http-nio-8084-exec-5] c.h.c.intercepter.UserInfoIntercepter    : 用户信息已存入ThreadLocal: 1
17:06:28:668  INFO 5292 --- [http-nio-8084-exec-5] c.h.s.c.ProductSearchController          : 搜索商品, 参数: ProductSearchDTO(keyword=null, categoryId=null, sort=null)
17:08:55:323 DEBUG 5292 --- [http-nio-8084-exec-7] c.h.c.intercepter.UserInfoIntercepter    : 用户信息已存入ThreadLocal: 1
17:08:55:331  INFO 5292 --- [http-nio-8084-exec-7] c.h.s.c.ProductSearchController          : 搜索商品, 参数: ProductSearchDTO(keyword=null, categoryId=null, sort=null)
