13:43:02:316  INFO 19852 --- [main] com.haalan.gateway.GatewayApplication    : The following 1 profile is active: "local"
13:43:03:183  INFO 19852 --- [main] .s.d.r.c.RepositoryConfigurationDelegate : Multiple Spring Data modules found, entering strict repository configuration mode
13:43:03:188  INFO 19852 --- [main] .s.d.r.c.RepositoryConfigurationDelegate : Bootstrapping Spring Data Redis repositories in DEFAULT mode.
13:43:03:220  INFO 19852 --- [main] .s.d.r.c.RepositoryConfigurationDelegate : Finished Spring Data repository scanning in 15 ms. Found 0 Redis repository interfaces.
13:43:03:508  INFO 19852 --- [main] o.s.cloud.context.scope.GenericScope     : BeanFactory id=1806b51e-e9ce-3d9a-932f-85797421154e
13:43:03:606  INFO 19852 --- [main] trationDelegate$BeanPostProcessorChecker : Bean 'org.springframework.cloud.client.loadbalancer.reactive.LoadBalancerBeanPostProcessorAutoConfiguration' of type [org.springframework.cloud.client.loadbalancer.reactive.LoadBalancerBeanPostProcessorAutoConfiguration] is not eligible for getting processed by all BeanPostProcessors (for example: not eligible for auto-proxying)
13:43:03:607  INFO 19852 --- [main] trationDelegate$BeanPostProcessorChecker : Bean 'org.springframework.cloud.client.loadbalancer.reactive.LoadBalancerBeanPostProcessorAutoConfiguration$ReactorDeferringLoadBalancerFilterConfig' of type [org.springframework.cloud.client.loadbalancer.reactive.LoadBalancerBeanPostProcessorAutoConfiguration$ReactorDeferringLoadBalancerFilterConfig] is not eligible for getting processed by all BeanPostProcessors (for example: not eligible for auto-proxying)
13:43:03:609  INFO 19852 --- [main] trationDelegate$BeanPostProcessorChecker : Bean 'reactorDeferringLoadBalancerExchangeFilterFunction' of type [org.springframework.cloud.client.loadbalancer.reactive.DeferringLoadBalancerExchangeFilterFunction] is not eligible for getting processed by all BeanPostProcessors (for example: not eligible for auto-proxying)
13:43:05:265  INFO 19852 --- [main] c.h.gateway.routers.DynamicRouteLoader   : 开始加载路由信息
13:43:05:295  INFO 19852 --- [main] c.h.gateway.routers.DynamicRouteLoader   : 更新路由信息：[    
    {
        "id": "user",
        "predicates": [{
            "name": "Path",
            "args": {"_genkey_0":"/api/user/**", "_genkey_1":"/api/addresses/**"}
        }],
        "filters": [],
        "uri": "lb://user-service"
    }, 
     {
        "id": "search",
        "predicates": [{
            "name": "Path",
            "args": {"_genkey_0":"/api/product/search",
                    "_genkey_1":"/api/product/search/**"}
        }],
        "filters": [],
        "uri": "lb://search-service"
    },  
    {
        "id": "item",
        "predicates": [{
            "name": "Path",
            "args": {"_genkey_0":"/api/admin/sku/**", 
                    "_genkey_1":"/api/category/**",
                    "_genkey_2":"/api/product/**",
                    "_genkey_3":"/api/admin/spu/**"}
        }],
        "filters": [],
        "uri": "lb://item-service"
    },
        {
        "id": "seckill",
        "predicates": [{
            "name": "Path",
            "args": {"_genkey_0":"/api/admin/seckill/**",
                    "_genkey_1":"/api/seckill/**"}
        }],
        "filters": [],
        "uri": "lb://seckill-service"
    }    
]
13:43:05:402  INFO 19852 --- [main] c.h.gateway.routers.DynamicRouteLoader   : 更新完成
13:43:05:403  INFO 19852 --- [main] c.h.gateway.routers.DynamicRouteLoader   : 加载路由信息完成
13:43:07:343  INFO 19852 --- [main] o.s.cloud.commons.util.InetUtils         : Cannot determine local hostname
13:43:09:968  INFO 19852 --- [main] o.s.cloud.commons.util.InetUtils         : Cannot determine local hostname
13:43:10:496  INFO 19852 --- [main] o.s.c.g.r.RouteDefinitionRouteLocator    : Loaded RoutePredicateFactory [After]
13:43:10:497  INFO 19852 --- [main] o.s.c.g.r.RouteDefinitionRouteLocator    : Loaded RoutePredicateFactory [Before]
13:43:10:497  INFO 19852 --- [main] o.s.c.g.r.RouteDefinitionRouteLocator    : Loaded RoutePredicateFactory [Between]
13:43:10:498  INFO 19852 --- [main] o.s.c.g.r.RouteDefinitionRouteLocator    : Loaded RoutePredicateFactory [Cookie]
13:43:10:498  INFO 19852 --- [main] o.s.c.g.r.RouteDefinitionRouteLocator    : Loaded RoutePredicateFactory [Header]
13:43:10:498  INFO 19852 --- [main] o.s.c.g.r.RouteDefinitionRouteLocator    : Loaded RoutePredicateFactory [Host]
13:43:10:498  INFO 19852 --- [main] o.s.c.g.r.RouteDefinitionRouteLocator    : Loaded RoutePredicateFactory [Method]
13:43:10:499  INFO 19852 --- [main] o.s.c.g.r.RouteDefinitionRouteLocator    : Loaded RoutePredicateFactory [Path]
13:43:10:499  INFO 19852 --- [main] o.s.c.g.r.RouteDefinitionRouteLocator    : Loaded RoutePredicateFactory [Query]
13:43:10:499  INFO 19852 --- [main] o.s.c.g.r.RouteDefinitionRouteLocator    : Loaded RoutePredicateFactory [ReadBody]
13:43:10:499  INFO 19852 --- [main] o.s.c.g.r.RouteDefinitionRouteLocator    : Loaded RoutePredicateFactory [RemoteAddr]
13:43:10:499  INFO 19852 --- [main] o.s.c.g.r.RouteDefinitionRouteLocator    : Loaded RoutePredicateFactory [XForwardedRemoteAddr]
13:43:10:499  INFO 19852 --- [main] o.s.c.g.r.RouteDefinitionRouteLocator    : Loaded RoutePredicateFactory [Weight]
13:43:10:500  INFO 19852 --- [main] o.s.c.g.r.RouteDefinitionRouteLocator    : Loaded RoutePredicateFactory [CloudFoundryRouteService]
13:43:12:438  INFO 19852 --- [main] o.s.cloud.commons.util.InetUtils         : Cannot determine local hostname
13:43:12:454  INFO 19852 --- [main] c.h.c.config.GlobalExceptionHandler      : GlobalExceptionHandler 已初始化
13:43:13:020  INFO 19852 --- [main] o.s.b.web.embedded.netty.NettyWebServer  : Netty started on port 8080
13:43:14:972  INFO 19852 --- [main] o.s.cloud.commons.util.InetUtils         : Cannot determine local hostname
13:43:17:567  INFO 19852 --- [main] o.s.cloud.commons.util.InetUtils         : Cannot determine local hostname
13:43:17:597  INFO 19852 --- [main] c.a.n.p.a.s.c.ClientAuthPluginManager    : [ClientAuthPluginManager] Load ClientAuthService com.alibaba.nacos.client.auth.impl.NacosClientAuthServiceImpl success.
13:43:17:599  INFO 19852 --- [main] c.a.n.p.a.s.c.ClientAuthPluginManager    : [ClientAuthPluginManager] Load ClientAuthService com.alibaba.nacos.client.auth.ram.RamClientAuthServiceImpl success.
13:43:17:770  INFO 19852 --- [main] c.a.c.n.registry.NacosServiceRegistry    : nacos registry, DEFAULT_GROUP gateway 192.168.131.1:8080 register finished
13:43:17:846  INFO 19852 --- [main] com.haalan.gateway.GatewayApplication    : Started GatewayApplication in 22.902 seconds (JVM running for 23.961)
13:43:17:851  INFO 19852 --- [main] c.a.c.n.refresh.NacosContextRefresher    : [Nacos Config] Listening config: dataId=gateway.yaml, group=DEFAULT_GROUP
13:43:17:852  INFO 19852 --- [main] c.a.c.n.refresh.NacosContextRefresher    : [Nacos Config] Listening config: dataId=gateway, group=DEFAULT_GROUP
13:43:17:853  INFO 19852 --- [main] c.a.c.n.refresh.NacosContextRefresher    : [Nacos Config] Listening config: dataId=gateway-local.yaml, group=DEFAULT_GROUP
13:46:07:976  INFO 19852 --- [reactor-http-nio-3] c.h.gateway.filter.AuthGlobalFilter      : 用户信息：JwtTool.TokenPayload(userId=1, version=7)
13:46:08:378  INFO 19852 --- [reactor-http-nio-3] c.h.gateway.filter.AuthGlobalFilter      : 用户1 Token校验通过，版本: 7
13:46:17:178  INFO 19852 --- [reactor-http-nio-3] c.h.gateway.filter.AuthGlobalFilter      : 用户信息：JwtTool.TokenPayload(userId=1, version=7)
13:46:17:181  INFO 19852 --- [reactor-http-nio-3] c.h.gateway.filter.AuthGlobalFilter      : 用户1 Token校验通过，版本: 7
13:46:26:181  INFO 19852 --- [reactor-http-nio-3] c.h.gateway.filter.AuthGlobalFilter      : 用户信息：JwtTool.TokenPayload(userId=1, version=7)
13:46:26:183  INFO 19852 --- [reactor-http-nio-3] c.h.gateway.filter.AuthGlobalFilter      : 用户1 Token校验通过，版本: 7
13:52:40:331  INFO 19852 --- [reactor-http-nio-3] c.h.gateway.filter.AuthGlobalFilter      : 用户信息：JwtTool.TokenPayload(userId=1, version=7)
13:52:40:379  INFO 19852 --- [reactor-http-nio-3] c.h.gateway.filter.AuthGlobalFilter      : 用户1 Token校验通过，版本: 7
14:37:48:476  INFO 19852 --- [reactor-http-nio-3] c.h.gateway.filter.AuthGlobalFilter      : 用户信息：JwtTool.TokenPayload(userId=1, version=7)
14:37:48:491  INFO 19852 --- [reactor-http-nio-3] c.h.gateway.filter.AuthGlobalFilter      : 用户1 Token校验通过，版本: 7
15:10:12:776  INFO 19852 --- [reactor-http-nio-3] c.h.gateway.filter.AuthGlobalFilter      : 用户信息：JwtTool.TokenPayload(userId=1, version=7)
15:10:12:791  INFO 19852 --- [reactor-http-nio-3] c.h.gateway.filter.AuthGlobalFilter      : 用户1 Token校验通过，版本: 7
15:10:21:625  INFO 19852 --- [reactor-http-nio-3] c.h.gateway.filter.AuthGlobalFilter      : 用户信息：JwtTool.TokenPayload(userId=1, version=7)
15:10:21:628  INFO 19852 --- [reactor-http-nio-3] c.h.gateway.filter.AuthGlobalFilter      : 用户1 Token校验通过，版本: 7
15:10:44:188  INFO 19852 --- [reactor-http-nio-3] c.h.gateway.filter.AuthGlobalFilter      : 用户信息：JwtTool.TokenPayload(userId=1, version=7)
15:10:44:189  INFO 19852 --- [reactor-http-nio-3] c.h.gateway.filter.AuthGlobalFilter      : 用户1 Token校验通过，版本: 7
15:10:50:246  INFO 19852 --- [reactor-http-nio-3] c.h.gateway.filter.AuthGlobalFilter      : 用户信息：JwtTool.TokenPayload(userId=1, version=7)
15:10:50:248  INFO 19852 --- [reactor-http-nio-3] c.h.gateway.filter.AuthGlobalFilter      : 用户1 Token校验通过，版本: 7
15:18:30:746  INFO 19852 --- [reactor-http-nio-3] c.h.gateway.filter.AuthGlobalFilter      : 用户信息：JwtTool.TokenPayload(userId=1, version=7)
15:18:30:756  INFO 19852 --- [reactor-http-nio-3] c.h.gateway.filter.AuthGlobalFilter      : 用户1 Token校验通过，版本: 7
15:18:42:256  INFO 19852 --- [reactor-http-nio-3] c.h.gateway.filter.AuthGlobalFilter      : 用户信息：JwtTool.TokenPayload(userId=1, version=7)
15:18:42:260  INFO 19852 --- [reactor-http-nio-3] c.h.gateway.filter.AuthGlobalFilter      : 用户1 Token校验通过，版本: 7
15:18:59:809  INFO 19852 --- [reactor-http-nio-3] c.h.gateway.filter.AuthGlobalFilter      : 用户信息：JwtTool.TokenPayload(userId=1, version=7)
15:18:59:810  INFO 19852 --- [reactor-http-nio-3] c.h.gateway.filter.AuthGlobalFilter      : 用户1 Token校验通过，版本: 7
15:19:04:923  INFO 19852 --- [reactor-http-nio-3] c.h.gateway.filter.AuthGlobalFilter      : 用户信息：JwtTool.TokenPayload(userId=1, version=7)
15:19:04:925  INFO 19852 --- [reactor-http-nio-3] c.h.gateway.filter.AuthGlobalFilter      : 用户1 Token校验通过，版本: 7
15:19:17:786  INFO 19852 --- [reactor-http-nio-3] c.h.gateway.filter.AuthGlobalFilter      : 用户信息：JwtTool.TokenPayload(userId=1, version=7)
15:19:17:788  INFO 19852 --- [reactor-http-nio-3] c.h.gateway.filter.AuthGlobalFilter      : 用户1 Token校验通过，版本: 7
18:29:28:242  WARN 19852 --- [Thread-1] c.a.n.common.http.HttpClientBeanHolder   : [HttpClientBeanHolder] Start destroying common HttpClient
18:29:28:241  WARN 19852 --- [Thread-7] c.a.nacos.common.notify.NotifyCenter     : [NotifyCenter] Start destroying Publisher
18:29:28:255  WARN 19852 --- [Thread-7] c.a.nacos.common.notify.NotifyCenter     : [NotifyCenter] Destruction of the end
18:29:28:278  WARN 19852 --- [Thread-1] c.a.n.common.http.HttpClientBeanHolder   : [HttpClientBeanHolder] Destruction of the end
18:29:28:652  INFO 19852 --- [SpringApplicationShutdownHook] c.a.c.n.registry.NacosServiceRegistry    : De-registering from Nacos Server now...
18:29:28:674  INFO 19852 --- [SpringApplicationShutdownHook] c.a.c.n.registry.NacosServiceRegistry    : De-registration finished.
20:58:19:145  INFO 37216 --- [main] com.haalan.gateway.GatewayApplication    : The following 1 profile is active: "local"
20:58:20:448  INFO 37216 --- [main] .s.d.r.c.RepositoryConfigurationDelegate : Multiple Spring Data modules found, entering strict repository configuration mode
20:58:20:459  INFO 37216 --- [main] .s.d.r.c.RepositoryConfigurationDelegate : Bootstrapping Spring Data Redis repositories in DEFAULT mode.
20:58:20:522  INFO 37216 --- [main] .s.d.r.c.RepositoryConfigurationDelegate : Finished Spring Data repository scanning in 28 ms. Found 0 Redis repository interfaces.
20:58:20:946  INFO 37216 --- [main] o.s.cloud.context.scope.GenericScope     : BeanFactory id=1806b51e-e9ce-3d9a-932f-85797421154e
20:58:21:067  INFO 37216 --- [main] trationDelegate$BeanPostProcessorChecker : Bean 'org.springframework.cloud.client.loadbalancer.reactive.LoadBalancerBeanPostProcessorAutoConfiguration' of type [org.springframework.cloud.client.loadbalancer.reactive.LoadBalancerBeanPostProcessorAutoConfiguration] is not eligible for getting processed by all BeanPostProcessors (for example: not eligible for auto-proxying)
20:58:21:067  INFO 37216 --- [main] trationDelegate$BeanPostProcessorChecker : Bean 'org.springframework.cloud.client.loadbalancer.reactive.LoadBalancerBeanPostProcessorAutoConfiguration$ReactorDeferringLoadBalancerFilterConfig' of type [org.springframework.cloud.client.loadbalancer.reactive.LoadBalancerBeanPostProcessorAutoConfiguration$ReactorDeferringLoadBalancerFilterConfig] is not eligible for getting processed by all BeanPostProcessors (for example: not eligible for auto-proxying)
20:58:21:070  INFO 37216 --- [main] trationDelegate$BeanPostProcessorChecker : Bean 'reactorDeferringLoadBalancerExchangeFilterFunction' of type [org.springframework.cloud.client.loadbalancer.reactive.DeferringLoadBalancerExchangeFilterFunction] is not eligible for getting processed by all BeanPostProcessors (for example: not eligible for auto-proxying)
20:58:22:652  INFO 37216 --- [main] c.h.gateway.routers.DynamicRouteLoader   : 开始加载路由信息
20:58:22:681  INFO 37216 --- [main] c.h.gateway.routers.DynamicRouteLoader   : 更新路由信息：[    
    {
        "id": "user",
        "predicates": [{
            "name": "Path",
            "args": {"_genkey_0":"/api/user/**", "_genkey_1":"/api/addresses/**"}
        }],
        "filters": [],
        "uri": "lb://user-service"
    }, 
     {
        "id": "search",
        "predicates": [{
            "name": "Path",
            "args": {"_genkey_0":"/api/product/search",
                    "_genkey_1":"/api/product/search/**"}
        }],
        "filters": [],
        "uri": "lb://search-service"
    },  
    {
        "id": "item",
        "predicates": [{
            "name": "Path",
            "args": {"_genkey_0":"/api/admin/sku/**", 
                    "_genkey_1":"/api/category/**",
                    "_genkey_2":"/api/product/**",
                    "_genkey_3":"/api/admin/spu/**"}
        }],
        "filters": [],
        "uri": "lb://item-service"
    },
        {
        "id": "seckill",
        "predicates": [{
            "name": "Path",
            "args": {"_genkey_0":"/api/admin/seckill/**",
                    "_genkey_1":"/api/seckill/**"}
        }],
        "filters": [],
        "uri": "lb://seckill-service"
    }    
]
20:58:22:806  INFO 37216 --- [main] c.h.gateway.routers.DynamicRouteLoader   : 更新完成
20:58:22:806  INFO 37216 --- [main] c.h.gateway.routers.DynamicRouteLoader   : 加载路由信息完成
20:58:25:770  INFO 37216 --- [main] o.s.c.g.r.RouteDefinitionRouteLocator    : Loaded RoutePredicateFactory [After]
20:58:25:771  INFO 37216 --- [main] o.s.c.g.r.RouteDefinitionRouteLocator    : Loaded RoutePredicateFactory [Before]
20:58:25:771  INFO 37216 --- [main] o.s.c.g.r.RouteDefinitionRouteLocator    : Loaded RoutePredicateFactory [Between]
20:58:25:771  INFO 37216 --- [main] o.s.c.g.r.RouteDefinitionRouteLocator    : Loaded RoutePredicateFactory [Cookie]
20:58:25:772  INFO 37216 --- [main] o.s.c.g.r.RouteDefinitionRouteLocator    : Loaded RoutePredicateFactory [Header]
20:58:25:772  INFO 37216 --- [main] o.s.c.g.r.RouteDefinitionRouteLocator    : Loaded RoutePredicateFactory [Host]
20:58:25:772  INFO 37216 --- [main] o.s.c.g.r.RouteDefinitionRouteLocator    : Loaded RoutePredicateFactory [Method]
20:58:25:773  INFO 37216 --- [main] o.s.c.g.r.RouteDefinitionRouteLocator    : Loaded RoutePredicateFactory [Path]
20:58:25:773  INFO 37216 --- [main] o.s.c.g.r.RouteDefinitionRouteLocator    : Loaded RoutePredicateFactory [Query]
20:58:25:773  INFO 37216 --- [main] o.s.c.g.r.RouteDefinitionRouteLocator    : Loaded RoutePredicateFactory [ReadBody]
20:58:25:773  INFO 37216 --- [main] o.s.c.g.r.RouteDefinitionRouteLocator    : Loaded RoutePredicateFactory [RemoteAddr]
20:58:25:773  INFO 37216 --- [main] o.s.c.g.r.RouteDefinitionRouteLocator    : Loaded RoutePredicateFactory [XForwardedRemoteAddr]
20:58:25:774  INFO 37216 --- [main] o.s.c.g.r.RouteDefinitionRouteLocator    : Loaded RoutePredicateFactory [Weight]
20:58:25:774  INFO 37216 --- [main] o.s.c.g.r.RouteDefinitionRouteLocator    : Loaded RoutePredicateFactory [CloudFoundryRouteService]
20:58:26:845  INFO 37216 --- [main] c.h.c.config.GlobalExceptionHandler      : GlobalExceptionHandler 已初始化
20:58:27:456  INFO 37216 --- [main] o.s.b.web.embedded.netty.NettyWebServer  : Netty started on port 8080
20:58:29:033  INFO 37216 --- [main] c.a.n.p.a.s.c.ClientAuthPluginManager    : [ClientAuthPluginManager] Load ClientAuthService com.alibaba.nacos.client.auth.impl.NacosClientAuthServiceImpl success.
20:58:29:034  INFO 37216 --- [main] c.a.n.p.a.s.c.ClientAuthPluginManager    : [ClientAuthPluginManager] Load ClientAuthService com.alibaba.nacos.client.auth.ram.RamClientAuthServiceImpl success.
20:58:29:184  INFO 37216 --- [main] c.a.c.n.registry.NacosServiceRegistry    : nacos registry, DEFAULT_GROUP gateway 192.168.131.1:8080 register finished
20:58:29:277  INFO 37216 --- [main] com.haalan.gateway.GatewayApplication    : Started GatewayApplication in 15.951 seconds (JVM running for 17.267)
20:58:29:283  INFO 37216 --- [main] c.a.c.n.refresh.NacosContextRefresher    : [Nacos Config] Listening config: dataId=gateway.yaml, group=DEFAULT_GROUP
20:58:29:285  INFO 37216 --- [main] c.a.c.n.refresh.NacosContextRefresher    : [Nacos Config] Listening config: dataId=gateway, group=DEFAULT_GROUP
20:58:29:285  INFO 37216 --- [main] c.a.c.n.refresh.NacosContextRefresher    : [Nacos Config] Listening config: dataId=gateway-local.yaml, group=DEFAULT_GROUP
20:58:57:135  INFO 37216 --- [reactor-http-nio-3] c.h.gateway.filter.AuthGlobalFilter      : 用户信息：JwtTool.TokenPayload(userId=1, version=7)
20:58:57:552  INFO 37216 --- [reactor-http-nio-3] c.h.gateway.filter.AuthGlobalFilter      : 用户1 Token校验通过，版本: 7
21:15:18:803  INFO 37216 --- [reactor-http-nio-3] c.h.gateway.filter.AuthGlobalFilter      : 用户信息：JwtTool.TokenPayload(userId=1, version=7)
21:15:18:818  INFO 37216 --- [reactor-http-nio-3] c.h.gateway.filter.AuthGlobalFilter      : 用户1 Token校验通过，版本: 7
21:15:26:195  INFO 37216 --- [reactor-http-nio-3] c.h.gateway.filter.AuthGlobalFilter      : 用户信息：JwtTool.TokenPayload(userId=1, version=7)
21:15:26:199  INFO 37216 --- [reactor-http-nio-3] c.h.gateway.filter.AuthGlobalFilter      : 用户1 Token校验通过，版本: 7
21:15:35:350  INFO 37216 --- [reactor-http-nio-3] c.h.gateway.filter.AuthGlobalFilter      : 用户信息：JwtTool.TokenPayload(userId=1, version=7)
21:15:35:352  INFO 37216 --- [reactor-http-nio-3] c.h.gateway.filter.AuthGlobalFilter      : 用户1 Token校验通过，版本: 7
21:15:43:784  INFO 37216 --- [reactor-http-nio-3] c.h.gateway.filter.AuthGlobalFilter      : 用户信息：JwtTool.TokenPayload(userId=1, version=7)
21:15:43:786  INFO 37216 --- [reactor-http-nio-3] c.h.gateway.filter.AuthGlobalFilter      : 用户1 Token校验通过，版本: 7
22:13:01:397  WARN 37216 --- [Thread-7] c.a.nacos.common.notify.NotifyCenter     : [NotifyCenter] Start destroying Publisher
22:13:01:397  WARN 37216 --- [Thread-1] c.a.n.common.http.HttpClientBeanHolder   : [HttpClientBeanHolder] Start destroying common HttpClient
22:13:01:418  WARN 37216 --- [Thread-7] c.a.nacos.common.notify.NotifyCenter     : [NotifyCenter] Destruction of the end
22:13:01:434  WARN 37216 --- [Thread-1] c.a.n.common.http.HttpClientBeanHolder   : [HttpClientBeanHolder] Destruction of the end
22:13:01:607  INFO 37216 --- [SpringApplicationShutdownHook] c.a.c.n.registry.NacosServiceRegistry    : De-registering from Nacos Server now...
22:13:04:682 ERROR 37216 --- [SpringApplicationShutdownHook] c.a.c.n.registry.NacosServiceRegistry    : ERR_NACOS_DEREGISTER, de-register failed...NacosRegistration{nacosDiscoveryProperties=NacosDiscoveryProperties{serverAddr='192.168.100.133:8848', username='', password='', endpoint='', namespace='', watchDelay=30000, logName='', service='gateway', weight=1.0, clusterName='DEFAULT', group='DEFAULT_GROUP', namingLoadCacheAtStart='false', metadata={IPv6=null, preserved.register.source=SPRING_CLOUD}, registerEnabled=true, ip='192.168.131.1', networkInterface='', port=8080, secure=false, accessKey='', secretKey='', heartBeatInterval=null, heartBeatTimeout=null, ipDeleteTimeout=null, instanceEnabled=true, ephemeral=true, failureToleranceEnabled=false}, ipDeleteTimeout=null, failFast=true}},

com.alibaba.nacos.api.exception.NacosException: java.util.concurrent.TimeoutException: Waited 3000 milliseconds (plus 515000 nanoseconds delay) for com.alibaba.nacos.shaded.io.grpc.stub.ClientCalls$GrpcFuture@510cf609[status=PENDING, info=[GrpcFuture{clientCall=ClientCallImpl{method=MethodDescriptor{fullMethodName=Request/request, type=UNARY, idempotent=false, safe=false, sampledToLocalTracing=true, requestMarshaller=com.alibaba.nacos.shaded.io.grpc.protobuf.lite.ProtoLiteUtils$MessageMarshaller@15a67a0d, responseMarshaller=com.alibaba.nacos.shaded.io.grpc.protobuf.lite.ProtoLiteUtils$MessageMarshaller@398ada70, schemaDescriptor=com.alibaba.nacos.api.grpc.auto.RequestGrpc$RequestMethodDescriptorSupplier@1a029a8d}}}]]
	at com.alibaba.nacos.common.remote.client.grpc.GrpcConnection.request(GrpcConnection.java:78) ~[nacos-client-2.2.0.jar:na]
	at com.alibaba.nacos.common.remote.client.RpcClient.request(RpcClient.java:641) ~[nacos-client-2.2.0.jar:na]
	at com.alibaba.nacos.common.remote.client.RpcClient.request(RpcClient.java:619) ~[nacos-client-2.2.0.jar:na]
	at com.alibaba.nacos.client.naming.remote.gprc.NamingGrpcClientProxy.requestToServer(NamingGrpcClientProxy.java:356) ~[nacos-client-2.2.0.jar:na]
	at com.alibaba.nacos.client.naming.remote.gprc.NamingGrpcClientProxy.doDeregisterService(NamingGrpcClientProxy.java:233) ~[nacos-client-2.2.0.jar:na]
	at com.alibaba.nacos.client.naming.remote.gprc.NamingGrpcClientProxy.deregisterService(NamingGrpcClientProxy.java:219) ~[nacos-client-2.2.0.jar:na]
	at com.alibaba.nacos.client.naming.remote.NamingClientProxyDelegate.deregisterService(NamingClientProxyDelegate.java:125) ~[nacos-client-2.2.0.jar:na]
	at com.alibaba.nacos.client.naming.NacosNamingService.deregisterInstance(NacosNamingService.java:201) ~[nacos-client-2.2.0.jar:na]
	at com.alibaba.nacos.client.naming.NacosNamingService.deregisterInstance(NacosNamingService.java:191) ~[nacos-client-2.2.0.jar:na]
	at com.alibaba.cloud.nacos.registry.NacosServiceRegistry.deregister(NacosServiceRegistry.java:107) ~[spring-cloud-starter-alibaba-nacos-discovery-2021.0.5.0.jar:2021.0.5.0]
	at org.springframework.cloud.client.serviceregistry.AbstractAutoServiceRegistration.deregister(AbstractAutoServiceRegistration.java:249) ~[spring-cloud-commons-3.1.3.jar:3.1.3]
	at org.springframework.cloud.client.serviceregistry.AbstractAutoServiceRegistration.stop(AbstractAutoServiceRegistration.java:264) ~[spring-cloud-commons-3.1.3.jar:3.1.3]
	at org.springframework.cloud.client.serviceregistry.AbstractAutoServiceRegistration.destroy(AbstractAutoServiceRegistration.java:201) ~[spring-cloud-commons-3.1.3.jar:3.1.3]
	at java.base/jdk.internal.reflect.NativeMethodAccessorImpl.invoke0(Native Method) ~[na:na]
	at java.base/jdk.internal.reflect.NativeMethodAccessorImpl.invoke(NativeMethodAccessorImpl.java:77) ~[na:na]
	at java.base/jdk.internal.reflect.DelegatingMethodAccessorImpl.invoke(DelegatingMethodAccessorImpl.java:43) ~[na:na]
	at java.base/java.lang.reflect.Method.invoke(Method.java:568) ~[na:na]
	at org.springframework.beans.factory.annotation.InitDestroyAnnotationBeanPostProcessor$LifecycleElement.invoke(InitDestroyAnnotationBeanPostProcessor.java:389) ~[spring-beans-5.3.27.jar:5.3.27]
	at org.springframework.beans.factory.annotation.InitDestroyAnnotationBeanPostProcessor$LifecycleMetadata.invokeDestroyMethods(InitDestroyAnnotationBeanPostProcessor.java:347) ~[spring-beans-5.3.27.jar:5.3.27]
	at org.springframework.beans.factory.annotation.InitDestroyAnnotationBeanPostProcessor.postProcessBeforeDestruction(InitDestroyAnnotationBeanPostProcessor.java:177) ~[spring-beans-5.3.27.jar:5.3.27]
	at org.springframework.beans.factory.support.DisposableBeanAdapter.destroy(DisposableBeanAdapter.java:197) ~[spring-beans-5.3.27.jar:5.3.27]
	at org.springframework.beans.factory.support.DefaultSingletonBeanRegistry.destroyBean(DefaultSingletonBeanRegistry.java:587) ~[spring-beans-5.3.27.jar:5.3.27]
	at org.springframework.beans.factory.support.DefaultSingletonBeanRegistry.destroySingleton(DefaultSingletonBeanRegistry.java:559) ~[spring-beans-5.3.27.jar:5.3.27]
	at org.springframework.beans.factory.support.DefaultListableBeanFactory.destroySingleton(DefaultListableBeanFactory.java:1163) ~[spring-beans-5.3.27.jar:5.3.27]
	at org.springframework.beans.factory.support.DefaultSingletonBeanRegistry.destroySingletons(DefaultSingletonBeanRegistry.java:520) ~[spring-beans-5.3.27.jar:5.3.27]
	at org.springframework.beans.factory.support.DefaultListableBeanFactory.destroySingletons(DefaultListableBeanFactory.java:1156) ~[spring-beans-5.3.27.jar:5.3.27]
	at org.springframework.context.support.AbstractApplicationContext.destroyBeans(AbstractApplicationContext.java:1108) ~[spring-context-5.3.27.jar:5.3.27]
	at org.springframework.context.support.AbstractApplicationContext.doClose(AbstractApplicationContext.java:1077) ~[spring-context-5.3.27.jar:5.3.27]
	at org.springframework.boot.web.reactive.context.ReactiveWebServerApplicationContext.doClose(ReactiveWebServerApplicationContext.java:149) ~[spring-boot-2.7.12.jar:2.7.12]
	at org.springframework.context.support.AbstractApplicationContext.close(AbstractApplicationContext.java:1023) ~[spring-context-5.3.27.jar:5.3.27]
	at org.springframework.boot.SpringApplicationShutdownHook.closeAndWait(SpringApplicationShutdownHook.java:145) ~[spring-boot-2.7.12.jar:2.7.12]
	at java.base/java.lang.Iterable.forEach(Iterable.java:75) ~[na:na]
	at org.springframework.boot.SpringApplicationShutdownHook.run(SpringApplicationShutdownHook.java:114) ~[spring-boot-2.7.12.jar:2.7.12]
	at java.base/java.lang.Thread.run(Thread.java:842) ~[na:na]
Caused by: java.util.concurrent.TimeoutException: Waited 3000 milliseconds (plus 515000 nanoseconds delay) for com.alibaba.nacos.shaded.io.grpc.stub.ClientCalls$GrpcFuture@510cf609[status=PENDING, info=[GrpcFuture{clientCall=ClientCallImpl{method=MethodDescriptor{fullMethodName=Request/request, type=UNARY, idempotent=false, safe=false, sampledToLocalTracing=true, requestMarshaller=com.alibaba.nacos.shaded.io.grpc.protobuf.lite.ProtoLiteUtils$MessageMarshaller@15a67a0d, responseMarshaller=com.alibaba.nacos.shaded.io.grpc.protobuf.lite.ProtoLiteUtils$MessageMarshaller@398ada70, schemaDescriptor=com.alibaba.nacos.api.grpc.auto.RequestGrpc$RequestMethodDescriptorSupplier@1a029a8d}}}]]
	at com.alibaba.nacos.shaded.com.google.common.util.concurrent.AbstractFuture.get(AbstractFuture.java:508) ~[nacos-client-2.2.0.jar:na]
	at com.alibaba.nacos.common.remote.client.grpc.GrpcConnection.request(GrpcConnection.java:76) ~[nacos-client-2.2.0.jar:na]
	... 33 common frames omitted

22:13:04:684  INFO 37216 --- [SpringApplicationShutdownHook] c.a.c.n.registry.NacosServiceRegistry    : De-registration finished.
