20:28:41:741  INFO 33612 --- [main] com.haalan.item.ItemServiceApplication   : The following 1 profile is active: "local"
20:28:43:411  INFO 33612 --- [main] .s.d.r.c.RepositoryConfigurationDelegate : Multiple Spring Data modules found, entering strict repository configuration mode
20:28:43:418  INFO 33612 --- [main] .s.d.r.c.RepositoryConfigurationDelegate : Bootstrapping Spring Data Redis repositories in DEFAULT mode.
20:28:43:482  INFO 33612 --- [main] .s.d.r.c.RepositoryConfigurationDelegate : Finished Spring Data repository scanning in 35 ms. Found 0 Redis repository interfaces.
20:28:44:071  INFO 33612 --- [main] o.s.cloud.context.scope.GenericScope     : BeanFactory id=3c735346-846c-3ede-82cd-8547d915540d
20:28:45:115  INFO 33612 --- [main] o.s.b.w.embedded.tomcat.TomcatWebServer  : Tomcat initialized with port(s): 8083 (http)
20:28:45:138  INFO 33612 --- [main] o.apache.catalina.core.StandardService   : Starting service [Tomcat]
20:28:45:139  INFO 33612 --- [main] org.apache.catalina.core.StandardEngine  : Starting Servlet engine: [Apache Tomcat/9.0.75]
20:28:45:478  INFO 33612 --- [main] o.a.c.c.C.[Tomcat].[localhost].[/]       : Initializing Spring embedded WebApplicationContext
20:28:45:479  INFO 33612 --- [main] w.s.c.ServletWebServerApplicationContext : Root WebApplicationContext: initialization completed in 3694 ms
20:28:50:427  INFO 33612 --- [main] o.s.cloud.commons.util.InetUtils         : Cannot determine local hostname
20:28:51:370  INFO 33612 --- [main] pertySourcedRequestMappingHandlerMapping : Mapped URL path [/v2/api-docs] onto method [springfox.documentation.swagger2.web.Swagger2ControllerWebMvc#getDocumentation(String, HttpServletRequest)]
20:28:51:384  INFO 33612 --- [main] c.h.c.config.GlobalExceptionHandler      : GlobalExceptionHandler 已初始化
20:28:53:493  INFO 33612 --- [main] o.s.cloud.commons.util.InetUtils         : Cannot determine local hostname
20:28:53:831  INFO 33612 --- [main] o.s.b.w.embedded.tomcat.TomcatWebServer  : Tomcat started on port(s): 8083 (http) with context path ''
20:28:53:854  INFO 33612 --- [main] c.a.n.p.a.s.c.ClientAuthPluginManager    : [ClientAuthPluginManager] Load ClientAuthService com.alibaba.nacos.client.auth.impl.NacosClientAuthServiceImpl success.
20:28:53:854  INFO 33612 --- [main] c.a.n.p.a.s.c.ClientAuthPluginManager    : [ClientAuthPluginManager] Load ClientAuthService com.alibaba.nacos.client.auth.ram.RamClientAuthServiceImpl success.
20:28:54:000  INFO 33612 --- [main] c.a.c.n.registry.NacosServiceRegistry    : nacos registry, DEFAULT_GROUP item-service 192.168.131.1:8083 register finished
20:28:55:658  INFO 33612 --- [main] o.s.cloud.commons.util.InetUtils         : Cannot determine local hostname
20:28:55:660  INFO 33612 --- [main] d.s.w.p.DocumentationPluginsBootstrapper : Documentation plugins bootstrapped
20:28:55:665  INFO 33612 --- [main] d.s.w.p.DocumentationPluginsBootstrapper : Found 1 custom documentation plugin(s)
20:28:55:714  INFO 33612 --- [main] s.d.s.w.s.ApiListingReferenceScanner     : Scanning for api listing references
20:28:55:973  INFO 33612 --- [main] com.haalan.item.ItemServiceApplication   : Started ItemServiceApplication in 21.902 seconds (JVM running for 23.801)
20:28:55:997  INFO 33612 --- [main] c.a.c.n.refresh.NacosContextRefresher    : [Nacos Config] Listening config: dataId=item-service.yaml, group=DEFAULT_GROUP
20:28:55:998  INFO 33612 --- [main] c.a.c.n.refresh.NacosContextRefresher    : [Nacos Config] Listening config: dataId=item-service-local.yaml, group=DEFAULT_GROUP
20:28:55:999  INFO 33612 --- [main] c.a.c.n.refresh.NacosContextRefresher    : [Nacos Config] Listening config: dataId=item-service, group=DEFAULT_GROUP
22:17:38:803  WARN 33612 --- [Thread-7] c.a.nacos.common.notify.NotifyCenter     : [NotifyCenter] Start destroying Publisher
22:17:38:803  WARN 33612 --- [Thread-1] c.a.n.common.http.HttpClientBeanHolder   : [HttpClientBeanHolder] Start destroying common HttpClient
22:17:38:820  WARN 33612 --- [Thread-7] c.a.nacos.common.notify.NotifyCenter     : [NotifyCenter] Destruction of the end
22:17:38:836  WARN 33612 --- [Thread-1] c.a.n.common.http.HttpClientBeanHolder   : [HttpClientBeanHolder] Destruction of the end
22:17:39:430  INFO 33612 --- [SpringApplicationShutdownHook] c.a.c.n.registry.NacosServiceRegistry    : De-registering from Nacos Server now...
22:17:39:452  INFO 33612 --- [SpringApplicationShutdownHook] c.a.c.n.registry.NacosServiceRegistry    : De-registration finished.
