20:28:55:213  INFO 15000 --- [main] com.haalan.user.UserApplication          : The following 1 profile is active: "local"
20:28:56:382  INFO 15000 --- [main] .s.d.r.c.RepositoryConfigurationDelegate : Multiple Spring Data modules found, entering strict repository configuration mode
20:28:56:389  INFO 15000 --- [main] .s.d.r.c.RepositoryConfigurationDelegate : Bootstrapping Spring Data Redis repositories in DEFAULT mode.
20:28:56:440  INFO 15000 --- [main] .s.d.r.c.RepositoryConfigurationDelegate : Finished Spring Data repository scanning in 25 ms. Found 0 Redis repository interfaces.
20:28:56:866  INFO 15000 --- [main] o.s.cloud.context.scope.GenericScope     : BeanFactory id=442e8177-192b-35d0-9e82-8af7fa1e79c6
20:28:57:737  INFO 15000 --- [main] o.s.b.w.embedded.tomcat.TomcatWebServer  : Tomcat initialized with port(s): 8082 (http)
20:28:57:756  INFO 15000 --- [main] o.apache.catalina.core.StandardService   : Starting service [Tomcat]
20:28:57:757  INFO 15000 --- [main] org.apache.catalina.core.StandardEngine  : Starting Servlet engine: [Apache Tomcat/9.0.75]
20:28:58:007  INFO 15000 --- [main] o.a.c.c.C.[Tomcat].[localhost].[/]       : Initializing Spring embedded WebApplicationContext
20:28:58:008  INFO 15000 --- [main] w.s.c.ServletWebServerApplicationContext : Root WebApplicationContext: initialization completed in 2761 ms
20:29:01:644  INFO 15000 --- [main] o.s.cloud.commons.util.InetUtils         : Cannot determine local hostname
20:29:02:218  INFO 15000 --- [main] pertySourcedRequestMappingHandlerMapping : Mapped URL path [/v2/api-docs] onto method [springfox.documentation.swagger2.web.Swagger2ControllerWebMvc#getDocumentation(String, HttpServletRequest)]
20:29:02:227  INFO 15000 --- [main] c.h.c.config.GlobalExceptionHandler      : GlobalExceptionHandler 已初始化
20:29:03:958  INFO 15000 --- [main] o.s.cloud.commons.util.InetUtils         : Cannot determine local hostname
20:29:04:128  INFO 15000 --- [main] o.s.b.w.embedded.tomcat.TomcatWebServer  : Tomcat started on port(s): 8082 (http) with context path ''
20:29:04:144  INFO 15000 --- [main] c.a.n.p.a.s.c.ClientAuthPluginManager    : [ClientAuthPluginManager] Load ClientAuthService com.alibaba.nacos.client.auth.impl.NacosClientAuthServiceImpl success.
20:29:04:145  INFO 15000 --- [main] c.a.n.p.a.s.c.ClientAuthPluginManager    : [ClientAuthPluginManager] Load ClientAuthService com.alibaba.nacos.client.auth.ram.RamClientAuthServiceImpl success.
20:29:04:283  INFO 15000 --- [main] c.a.c.n.registry.NacosServiceRegistry    : nacos registry, DEFAULT_GROUP user-service 192.168.131.1:8082 register finished
20:29:05:935  INFO 15000 --- [main] o.s.cloud.commons.util.InetUtils         : Cannot determine local hostname
20:29:05:936  INFO 15000 --- [main] d.s.w.p.DocumentationPluginsBootstrapper : Documentation plugins bootstrapped
20:29:05:939  INFO 15000 --- [main] d.s.w.p.DocumentationPluginsBootstrapper : Found 1 custom documentation plugin(s)
20:29:05:968  INFO 15000 --- [main] s.d.s.w.s.ApiListingReferenceScanner     : Scanning for api listing references
20:29:06:098  INFO 15000 --- [main] com.haalan.user.UserApplication          : Started UserApplication in 18.338 seconds (JVM running for 20.031)
20:29:06:115  INFO 15000 --- [main] c.a.c.n.refresh.NacosContextRefresher    : [Nacos Config] Listening config: dataId=user-service.yaml, group=DEFAULT_GROUP
20:29:06:115  INFO 15000 --- [main] c.a.c.n.refresh.NacosContextRefresher    : [Nacos Config] Listening config: dataId=user-service-local.yaml, group=DEFAULT_GROUP
20:29:06:116  INFO 15000 --- [main] c.a.c.n.refresh.NacosContextRefresher    : [Nacos Config] Listening config: dataId=user-service, group=DEFAULT_GROUP
22:17:38:806  WARN 15000 --- [Thread-7] c.a.nacos.common.notify.NotifyCenter     : [NotifyCenter] Start destroying Publisher
22:17:38:806  WARN 15000 --- [Thread-1] c.a.n.common.http.HttpClientBeanHolder   : [HttpClientBeanHolder] Start destroying common HttpClient
22:17:38:828  WARN 15000 --- [Thread-7] c.a.nacos.common.notify.NotifyCenter     : [NotifyCenter] Destruction of the end
22:17:38:840  WARN 15000 --- [Thread-1] c.a.n.common.http.HttpClientBeanHolder   : [HttpClientBeanHolder] Destruction of the end
22:17:39:452  INFO 15000 --- [SpringApplicationShutdownHook] c.a.c.n.registry.NacosServiceRegistry    : De-registering from Nacos Server now...
22:17:39:475  INFO 15000 --- [SpringApplicationShutdownHook] c.a.c.n.registry.NacosServiceRegistry    : De-registration finished.
